<?xml version="1.0" encoding="UTF-8"?>
<coverage generated="1535613418487" clover="3.2.0">
  <project timestamp="1535613418487" name="All files">
    <metrics statements="20" coveredstatements="20" conditionals="4" coveredconditionals="2" methods="9" coveredmethods="9" elements="33" coveredelements="31" complexity="0" loc="20" ncloc="20" packages="2" files="2" classes="2">
      <package name="actions">
        <metrics statements="0" coveredstatements="0" conditionals="0" coveredconditionals="0" methods="0" coveredmethods="0"/>
        <file name="home.js" path="C:\Users\resca\Documents\GitHub\otm-harjoitustyo\Kotitaloushallinta\app\actions\home.js">
          <metrics statements="0" coveredstatements="0" conditionals="0" coveredconditionals="0" methods="0" coveredmethods="0"/>
        </file>
      </package>
      <package name="reducers">
        <metrics statements="20" coveredstatements="20" conditionals="4" coveredconditionals="2" methods="9" coveredmethods="9"/>
        <file name="home.js" path="C:\Users\resca\Documents\GitHub\otm-harjoitustyo\Kotitaloushallinta\app\reducers\home.js">
          <metrics statements="20" coveredstatements="20" conditionals="4" coveredconditionals="2" methods="9" coveredmethods="9"/>
          <line num="4" count="2" type="stmt"/>
          <line num="9" count="2" type="stmt"/>
          <line num="10" count="2" type="stmt"/>
          <line num="11" count="2" type="cond" truecount="1" falsecount="1"/>
          <line num="12" count="2" type="stmt"/>
          <line num="13" count="1" type="stmt"/>
          <line num="15" count="1" type="stmt"/>
          <line num="17" count="2" type="stmt"/>
          <line num="20" count="2" type="stmt"/>
          <line num="21" count="2" type="stmt"/>
          <line num="22" count="2" type="cond" truecount="1" falsecount="1"/>
          <line num="23" count="2" type="stmt"/>
          <line num="24" count="1" type="stmt"/>
          <line num="26" count="1" type="stmt"/>
          <line num="28" count="2" type="stmt"/>
          <line num="33" count="5" type="stmt"/>
          <line num="36" count="5" type="stmt"/>
          <line num="39" count="2" type="stmt"/>
          <line num="42" count="2" type="stmt"/>
          <line num="45" count="1" type="stmt"/>
        </file>
      </package>
    </metrics>
  </project>
</coverage>
