TN:
SF:C:\Users\resca\Documents\GitHub\otm-harjoitustyo\Kotitaloushallinta\app\actions\home.js
FNF:0
FNH:0
LF:0
LH:0
BRF:0
BRH:0
end_of_record
TN:
SF:C:\Users\resca\Documents\GitHub\otm-harjoitustyo\Kotitaloushallinta\app\reducers\home.js
FN:9,(anonymous_0)
FN:10,(anonymous_1)
FN:20,(anonymous_2)
FN:21,(anonymous_3)
FN:32,(anonymous_4)
FN:35,(anonymous_5)
FN:38,(anonymous_6)
FN:41,(anonymous_7)
FN:44,(anonymous_8)
FNF:9
FNH:9
FNDA:2,(anonymous_0)
FNDA:2,(anonymous_1)
FNDA:2,(anonymous_2)
FNDA:2,(anonymous_3)
FNDA:2,(anonymous_4)
FNDA:8,(anonymous_5)
FNDA:2,(anonymous_6)
FNDA:2,(anonymous_7)
FNDA:2,(anonymous_8)
DA:4,2
DA:9,2
DA:10,2
DA:11,2
DA:12,2
DA:13,1
DA:15,1
DA:17,2
DA:20,2
DA:21,2
DA:22,2
DA:23,2
DA:24,1
DA:26,1
DA:28,2
DA:33,5
DA:36,5
DA:39,2
DA:42,2
DA:45,1
LF:20
LH:20
BRDA:11,0,0,2
BRDA:11,0,1,0
BRDA:22,1,0,2
BRDA:22,1,1,0
BRF:4
BRH:2
end_of_record
